<?xml version="1.0" encoding="UTF-8"?>
<!-- Generated by org.testng.reporters.JUnitReportReporter -->
<testsuite skipped="0" hostname="Avinav-PC" name="com.selenium.MouseOverAndClickLink" tests="1" failures="0" timestamp="06 Aug 2019 20:50:00 GMT" time="20.071" errors="0">
  <testcase name="mouseOverClickLink" time="20.071" classname="com.selenium.MouseOverAndClickLink"/>
</testsuite> <!-- com.selenium.MouseOverAndClickLink -->
