<?xml version="1.0" encoding="UTF-8"?>
<!-- Generated by org.testng.reporters.JUnitReportReporter -->
<testsuite skipped="0" hostname="Avinav-PC" name="com.selenium.TestNGInvocationCountTest" tests="10" failures="0" timestamp="15 Jun 2021 03:21:08 GMT" time="0.022" errors="0">
  <testcase name="sum" time="0.001" classname="com.selenium.TestNGInvocationCountTest"/>
  <testcase name="sum" time="0.002" classname="com.selenium.TestNGInvocationCountTest"/>
  <testcase name="sum" time="0.003" classname="com.selenium.TestNGInvocationCountTest"/>
  <testcase name="sum" time="0.001" classname="com.selenium.TestNGInvocationCountTest"/>
  <testcase name="sum" time="0.001" classname="com.selenium.TestNGInvocationCountTest"/>
  <testcase name="sum" time="0.001" classname="com.selenium.TestNGInvocationCountTest"/>
  <testcase name="sum" time="0.012" classname="com.selenium.TestNGInvocationCountTest"/>
  <testcase name="sum" time="0.000" classname="com.selenium.TestNGInvocationCountTest"/>
  <testcase name="sum" time="0.001" classname="com.selenium.TestNGInvocationCountTest"/>
  <testcase name="sum" time="0.000" classname="com.selenium.TestNGInvocationCountTest"/>
</testsuite> <!-- com.selenium.TestNGInvocationCountTest -->
