<?xml version="1.0" encoding="UTF-8"?>
<!-- Generated by org.testng.reporters.JUnitReportReporter -->
<testsuite skipped="0" hostname="Avinav-PC" name="com.selenium.TestNGExceptionTimeoutTest" tests="1" failures="0" timestamp="15 Jun 2021 03:27:31 GMT" time="0.017" errors="0">
  <testcase name="expectedExceptionsTest" time="0.017" classname="com.selenium.TestNGExceptionTimeoutTest"/>
</testsuite> <!-- com.selenium.TestNGExceptionTimeoutTest -->
