<?xml version="1.0" encoding="UTF-8"?>
<!-- Generated by org.testng.reporters.JUnitReportReporter -->
<testsuite skipped="0" hostname="Avinav-PC" name="com.selenium.VideoRecordSeleniumTCTest" tests="1" failures="0" timestamp="20 Jun 2021 21:00:43 GMT" time="69.353" errors="0">
  <testcase name="navigationTest" time="69.353" classname="com.selenium.VideoRecordSeleniumTCTest"/>
</testsuite> <!-- com.selenium.VideoRecordSeleniumTCTest -->
