<?xml version="1.0" encoding="UTF-8"?>
<!-- Generated by org.testng.reporters.JUnitReportReporter -->
<testsuite skipped="0" hostname="Avinav-PC" name="com.selenium.GetRowsColumnsFromWebTable" tests="1" failures="0" timestamp="21 Aug 2019 17:10:28 GMT" time="33.281" errors="0">
  <testcase name="enterText" time="33.281" classname="com.selenium.GetRowsColumnsFromWebTable"/>
</testsuite> <!-- com.selenium.GetRowsColumnsFromWebTable -->
