<?xml version="1.0" encoding="UTF-8"?>
<!-- Generated by org.testng.reporters.JUnitReportReporter -->
<testsuite skipped="0" hostname="Avinav-PC" name="com.selenium.CalendarTextSelectBoxes" tests="1" failures="0" timestamp="21 Aug 2019 02:57:06 GMT" time="32.859" errors="0">
  <testcase name="caltxtSelect" time="32.859" classname="com.selenium.CalendarTextSelectBoxes"/>
</testsuite> <!-- com.selenium.CalendarTextSelectBoxes -->
