<?xml version="1.0" encoding="UTF-8"?>
<!-- Generated by org.testng.reporters.JUnitReportReporter -->
<testsuite skipped="0" hostname="Avinav-PC" name="com.selenium.Example2" tests="1" failures="0" timestamp="06 Aug 2019 20:01:15 GMT" time="13.447" errors="0">
  <testcase name="enterTextMultipleFields" time="13.447" classname="com.selenium.Example2"/>
</testsuite> <!-- com.selenium.Example2 -->
