<?xml version="1.0" encoding="UTF-8"?>
<!-- Generated by org.testng.reporters.JUnitReportReporter -->
<testsuite skipped="0" hostname="Avinav-PC" name="com.selenium.SelectDataFromSelectBox" tests="1" failures="0" timestamp="06 Aug 2019 20:19:46 GMT" time="26.326" errors="0">
  <testcase name="selectDataFromSelectBox" time="26.326" classname="com.selenium.SelectDataFromSelectBox"/>
</testsuite> <!-- com.selenium.SelectDataFromSelectBox -->
