<?xml version="1.0" encoding="UTF-8"?>
<!-- Generated by org.testng.reporters.JUnitReportReporter -->
<testsuite skipped="0" hostname="Avinav-PC" name="com.selenium.Example1" tests="1" failures="0" timestamp="06 Aug 2019 19:56:18 GMT" time="20.797" errors="0">
  <testcase name="enterDataInTextField" time="20.797" classname="com.selenium.Example1"/>
</testsuite> <!-- com.selenium.Example1 -->
