<?xml version="1.0" encoding="UTF-8"?>
<!-- Generated by org.testng.reporters.JUnitReportReporter -->
<testsuite skipped="0" hostname="Avinav-PC" name="com.selenium.TestNGBasics" tests="2" failures="0" timestamp="15 Jun 2021 03:38:30 GMT" time="0.034" errors="0">
  <testcase name="googleTitleTest" time="0.027" classname="com.selenium.TestNGBasics"/>
  <testcase name="searchTest" time="0.007" classname="com.selenium.TestNGBasics"/>
</testsuite> <!-- com.selenium.TestNGBasics -->
