<?xml version="1.0" encoding="UTF-8"?>
<!-- Generated by org.testng.reporters.JUnitReportReporter -->
<testsuite skipped="0" hostname="Avinav-PC" name="com.selenium.WindowHandleConcepts" tests="1" failures="0" timestamp="08 Aug 2019 17:48:04 GMT" time="83.164" errors="0">
  <testcase name="windowHandle" time="83.164" classname="com.selenium.WindowHandleConcepts"/>
</testsuite> <!-- com.selenium.WindowHandleConcepts -->
