<?xml version="1.0" encoding="UTF-8"?>
<!-- Generated by org.testng.reporters.JUnitReportReporter -->
<testsuite skipped="0" hostname="Avinav-PC" name="com.selenium.GetAllLinksInSite" tests="1" failures="0" timestamp="21 Aug 2019 20:54:05 GMT" time="23.447" errors="0">
  <testcase name="enterText" time="23.447" classname="com.selenium.GetAllLinksInSite"/>
</testsuite> <!-- com.selenium.GetAllLinksInSite -->
