<?xml version="1.0" encoding="UTF-8"?>
<!-- Generated by org.testng.reporters.JUnitReportReporter -->
<testsuite skipped="0" hostname="Avinav-PC" name="com.selenium.HeadlessBrowserHTLMUnitTest" tests="2" failures="0" timestamp="03 Aug 2021 03:09:26 GMT" time="11.234" errors="0">
  <testcase name="googleTest" time="6.264" classname="com.selenium.HeadlessBrowserHTLMUnitTest"/>
  <testcase name="homePage" time="4.970" classname="com.selenium.HeadlessBrowserHTLMUnitTest"/>
</testsuite> <!-- com.selenium.HeadlessBrowserHTLMUnitTest -->
