<?xml version="1.0" encoding="UTF-8"?>
<!-- Generated by org.testng.reporters.JUnitReportReporter -->
<testsuite skipped="0" hostname="Avinav-PC" name="com.selenium.MouseOverOnWebPage" tests="1" failures="0" timestamp="06 Aug 2019 20:39:04 GMT" time="22.561" errors="0">
  <testcase name="mouseOver" time="22.561" classname="com.selenium.MouseOverOnWebPage"/>
</testsuite> <!-- com.selenium.MouseOverOnWebPage -->
