<?xml version="1.0" encoding="UTF-8"?>
<!-- Generated by org.testng.reporters.JUnitReportReporter -->
<testsuite skipped="0" hostname="Avinav-PC" name="com.selenium.PrintAllDataFromWebTable" tests="1" failures="0" timestamp="21 Aug 2019 20:29:19 GMT" time="49.455" errors="0">
  <testcase name="enterText" time="49.455" classname="com.selenium.PrintAllDataFromWebTable"/>
</testsuite> <!-- com.selenium.PrintAllDataFromWebTable -->
